#! /usr/bin/vvp
:ivl_version "12.0 (stable)";
:ivl_delay_selection "TYPICAL";
:vpi_time_precision - 10;
:vpi_module "/usr/lib/x86_64-linux-gnu/ivl/system.vpi";
:vpi_module "/usr/lib/x86_64-linux-gnu/ivl/vhdl_sys.vpi";
:vpi_module "/usr/lib/x86_64-linux-gnu/ivl/vhdl_textio.vpi";
:vpi_module "/usr/lib/x86_64-linux-gnu/ivl/v2005_math.vpi";
:vpi_module "/usr/lib/x86_64-linux-gnu/ivl/va_math.vpi";
S_0x63af804692b0 .scope module, "cpu_tb" "cpu_tb" 2 2;
 .timescale -9 -10;
v0x63af8049d9a0_0 .var "clk", 0 0;
v0x63af8049da60_0 .net "mar", 11 0, v0x63af8049c940_0;  1 drivers
v0x63af8049db70_0 .net "mbr", 15 0, v0x63af8049c9e0_0;  1 drivers
v0x63af8049dc10_0 .net "memrdata", 15 0, L_0x63af804786b0;  1 drivers
v0x63af8049dcd0_0 .net "memwr", 0 0, v0x63af8049bbd0_0;  1 drivers
v0x63af8049dd70_0 .var "rst", 0 0;
v0x63af8049de10_0 .var "rst1", 0 0;
v0x63af8049ded0_0 .var "sys_rst", 0 0;
E_0x63af80454790 .event anyedge, v0x63af8049b060_0;
S_0x63af80469440 .scope module, "cpu" "cpu" 2 20, 3 1 0, S_0x63af804692b0;
 .timescale 0 0;
    .port_info 0 /INPUT 1 "clk";
    .port_info 1 /INPUT 1 "rst";
    .port_info 2 /INPUT 16 "memrdata";
    .port_info 3 /OUTPUT 12 "mar";
    .port_info 4 /OUTPUT 16 "mbr";
    .port_info 5 /OUTPUT 1 "memwr";
v0x63af8049c0b0_0 .net "ac", 15 0, v0x63af80499760_0;  1 drivers
v0x63af8049c1c0_0 .net "acneg", 0 0, L_0x63af804ae540;  1 drivers
v0x63af8049c260_0 .net "aczero", 0 0, L_0x63af804ae290;  1 drivers
v0x63af8049c350_0 .net "clk", 0 0, v0x63af8049d9a0_0;  1 drivers
v0x63af8049c440_0 .net "exrdy", 0 0, v0x63af8049b3f0_0;  1 drivers
v0x63af8049c580_0 .net "ir", 15 0, v0x63af8049b530_0;  1 drivers
v0x63af8049c620_0 .net "ld_ac2mbr", 0 0, v0x63af8049b610_0;  1 drivers
v0x63af8049c6c0_0 .net "ld_ir2mar", 0 0, v0x63af8049b6d0_0;  1 drivers
v0x63af8049c760_0 .net "ld_mbr2ac", 0 0, v0x63af8049b790_0;  1 drivers
v0x63af8049c800_0 .net "ld_mdata2mbr", 0 0, v0x63af8049b8d0_0;  1 drivers
v0x63af8049c8a0_0 .net "ld_pc2mar", 0 0, v0x63af8049b990_0;  1 drivers
v0x63af8049c940_0 .var "mar", 11 0;
v0x63af8049c9e0_0 .var "mbr", 15 0;
v0x63af8049cad0_0 .net "memrdata", 15 0, L_0x63af804786b0;  alias, 1 drivers
v0x63af8049cb70_0 .net "memwr", 0 0, v0x63af8049bbd0_0;  alias, 1 drivers
v0x63af8049cc40_0 .net "pc", 11 0, v0x63af8049bc90_0;  1 drivers
v0x63af8049cd10_0 .net "rst", 0 0, v0x63af8049dd70_0;  1 drivers
L_0x63af804ae6d0 .part v0x63af8049b530_0, 12, 4;
S_0x63af80472840 .scope module, "alu" "alu" 3 55, 4 1 0, S_0x63af80469440;
 .timescale 0 0;
    .port_info 0 /INPUT 1 "clk";
    .port_info 1 /INPUT 1 "rst";
    .port_info 2 /INPUT 16 "mbr";
    .port_info 3 /INPUT 4 "opcode";
    .port_info 4 /INPUT 1 "ld_mbr2ac";
    .port_info 5 /INPUT 1 "exrdy";
    .port_info 6 /OUTPUT 16 "ac";
    .port_info 7 /OUTPUT 1 "aczero";
    .port_info 8 /OUTPUT 1 "acneg";
    .port_info 9 /INPUT 16 "inreg";
P_0x63af80472a20 .param/l "ADD" 1 4 15, C4<0011>;
P_0x63af80472a60 .param/l "INPUT" 1 4 17, C4<0101>;
P_0x63af80472aa0 .param/l "LOAD" 1 4 13, C4<0001>;
P_0x63af80472ae0 .param/l "STORE" 1 4 14, C4<0010>;
P_0x63af80472b20 .param/l "SUB" 1 4 16, C4<0100>;
v0x63af804787d0_0 .net *"_ivl_0", 31 0, L_0x63af8049df90;  1 drivers
L_0x74d303b860f0 .functor BUFT 1, C4<0>, C4<0>, C4<0>, C4<0>;
v0x63af80478fa0_0 .net/2u *"_ivl_10", 0 0, L_0x74d303b860f0;  1 drivers
v0x63af8044e8e0_0 .net *"_ivl_15", 0 0, L_0x63af804ae420;  1 drivers
L_0x74d303b86138 .functor BUFT 1, C4<1>, C4<0>, C4<0>, C4<0>;
v0x63af8044ee80_0 .net/2u *"_ivl_16", 0 0, L_0x74d303b86138;  1 drivers
L_0x74d303b86180 .functor BUFT 1, C4<0>, C4<0>, C4<0>, C4<0>;
v0x63af8044f540_0 .net/2u *"_ivl_18", 0 0, L_0x74d303b86180;  1 drivers
L_0x74d303b86018 .functor BUFT 1, C4<0000000000000000>, C4<0>, C4<0>, C4<0>;
v0x63af80499400_0 .net *"_ivl_3", 15 0, L_0x74d303b86018;  1 drivers
L_0x74d303b86060 .functor BUFT 1, C4<00000000000000000000000000000000>, C4<0>, C4<0>, C4<0>;
v0x63af804994e0_0 .net/2u *"_ivl_4", 31 0, L_0x74d303b86060;  1 drivers
v0x63af804995c0_0 .net *"_ivl_6", 0 0, L_0x63af804ae150;  1 drivers
L_0x74d303b860a8 .functor BUFT 1, C4<1>, C4<0>, C4<0>, C4<0>;
v0x63af80499680_0 .net/2u *"_ivl_8", 0 0, L_0x74d303b860a8;  1 drivers
v0x63af80499760_0 .var "ac", 15 0;
v0x63af80499840_0 .net "acneg", 0 0, L_0x63af804ae540;  alias, 1 drivers
v0x63af80499900_0 .net "aczero", 0 0, L_0x63af804ae290;  alias, 1 drivers
v0x63af804999c0_0 .var "aluout", 15 0;
v0x63af80499aa0_0 .net "clk", 0 0, v0x63af8049d9a0_0;  alias, 1 drivers
v0x63af80499b60_0 .net "exrdy", 0 0, v0x63af8049b3f0_0;  alias, 1 drivers
o0x74d303bcf2e8 .functor BUFZ 16, C4<zzzzzzzzzzzzzzzz>; HiZ drive
v0x63af80499c20_0 .net "inreg", 15 0, o0x74d303bcf2e8;  0 drivers
v0x63af80499d00_0 .net "ld_mbr2ac", 0 0, v0x63af8049b790_0;  alias, 1 drivers
v0x63af80499dc0_0 .net "mbr", 15 0, v0x63af8049c9e0_0;  alias, 1 drivers
v0x63af80499ea0_0 .net "opcode", 3 0, L_0x63af804ae6d0;  1 drivers
v0x63af80499f80_0 .net "rst", 0 0, v0x63af8049dd70_0;  alias, 1 drivers
E_0x63af804544e0 .event posedge, v0x63af80499aa0_0;
E_0x63af8041bb40 .event anyedge, v0x63af80499b60_0, v0x63af80499ea0_0, v0x63af80499760_0, v0x63af80499dc0_0;
L_0x63af8049df90 .concat [ 16 16 0 0], v0x63af80499760_0, L_0x74d303b86018;
L_0x63af804ae150 .cmp/eq 32, L_0x63af8049df90, L_0x74d303b86060;
L_0x63af804ae290 .functor MUXZ 1, L_0x74d303b860f0, L_0x74d303b860a8, L_0x63af804ae150, C4<>;
L_0x63af804ae420 .part v0x63af80499760_0, 15, 1;
L_0x63af804ae540 .functor MUXZ 1, L_0x74d303b86180, L_0x74d303b86138, L_0x63af804ae420, C4<>;
S_0x63af8049a1e0 .scope module, "ctrl" "ctrl" 3 59, 5 1 0, S_0x63af80469440;
 .timescale 0 0;
    .port_info 0 /INPUT 1 "clk";
    .port_info 1 /INPUT 1 "rst";
    .port_info 2 /INPUT 1 "aczero";
    .port_info 3 /INPUT 1 "acneg";
    .port_info 4 /INPUT 16 "mbr";
    .port_info 5 /INPUT 16 "memrdata";
    .port_info 6 /OUTPUT 12 "pc";
    .port_info 7 /OUTPUT 16 "ir";
    .port_info 8 /OUTPUT 1 "ld_pc2mar";
    .port_info 9 /OUTPUT 1 "ld_ir2mar";
    .port_info 10 /OUTPUT 1 "ld_mdata2mbr";
    .port_info 11 /OUTPUT 1 "ld_mbr2ac";
    .port_info 12 /OUTPUT 1 "ld_ac2mbr";
    .port_info 13 /OUTPUT 1 "exrdy";
    .port_info 14 /OUTPUT 1 "memwr";
P_0x63af8049a390 .param/l "ADD" 1 5 38, C4<0011>;
P_0x63af8049a3d0 .param/l "DECODE" 1 5 30, C4<01>;
P_0x63af8049a410 .param/l "EXECUTE" 1 5 32, C4<11>;
P_0x63af8049a450 .param/l "FETCH" 1 5 29, C4<00>;
P_0x63af8049a490 .param/l "HALT" 1 5 42, C4<0111>;
P_0x63af8049a4d0 .param/l "INPUT" 1 5 40, C4<0101>;
P_0x63af8049a510 .param/l "JUMP" 1 5 44, C4<1001>;
P_0x63af8049a550 .param/l "LOAD" 1 5 36, C4<0001>;
P_0x63af8049a590 .param/l "MEMRW" 1 5 31, C4<10>;
P_0x63af8049a5d0 .param/l "NOP" 1 5 35, C4<0000>;
P_0x63af8049a610 .param/l "OUTPUT" 1 5 41, C4<0110>;
P_0x63af8049a650 .param/l "SKIPC" 1 5 43, C4<1000>;
P_0x63af8049a690 .param/l "STORE" 1 5 37, C4<0010>;
P_0x63af8049a6d0 .param/l "SUB" 1 5 39, C4<0100>;
v0x63af8049af00_0 .net "acneg", 0 0, L_0x63af804ae540;  alias, 1 drivers
v0x63af8049afc0_0 .net "aczero", 0 0, L_0x63af804ae290;  alias, 1 drivers
v0x63af8049b060_0 .var "assert_halt", 0 0;
v0x63af8049b100_0 .var "assert_jump", 0 0;
v0x63af8049b1a0_0 .var "assert_skip", 0 0;
v0x63af8049b290_0 .net "clk", 0 0, v0x63af8049d9a0_0;  alias, 1 drivers
v0x63af8049b330_0 .var "cpu_state", 1 0;
v0x63af8049b3f0_0 .var "exrdy", 0 0;
v0x63af8049b490_0 .var "inc_pc", 0 0;
v0x63af8049b530_0 .var "ir", 15 0;
v0x63af8049b610_0 .var "ld_ac2mbr", 0 0;
v0x63af8049b6d0_0 .var "ld_ir2mar", 0 0;
v0x63af8049b790_0 .var "ld_mbr2ac", 0 0;
v0x63af8049b830_0 .var "ld_mdata2ir", 0 0;
v0x63af8049b8d0_0 .var "ld_mdata2mbr", 0 0;
v0x63af8049b990_0 .var "ld_pc2mar", 0 0;
v0x63af8049ba50_0 .net "mbr", 15 0, v0x63af8049c9e0_0;  alias, 1 drivers
v0x63af8049bb10_0 .net "memrdata", 15 0, L_0x63af804786b0;  alias, 1 drivers
v0x63af8049bbd0_0 .var "memwr", 0 0;
v0x63af8049bc90_0 .var "pc", 11 0;
v0x63af8049bd70_0 .net "rst", 0 0, v0x63af8049dd70_0;  alias, 1 drivers
v0x63af8049be10_0 .var "state_next", 1 0;
E_0x63af8043f1d0 .event anyedge, v0x63af8049b330_0, v0x63af8049b530_0, v0x63af80499840_0, v0x63af80499900_0;
E_0x63af8047b5e0 .event anyedge, v0x63af8049b330_0;
S_0x63af8049cf90 .scope module, "mem" "mem" 2 24, 6 1 0, S_0x63af804692b0;
 .timescale 0 0;
    .port_info 0 /INPUT 12 "adr";
    .port_info 1 /INPUT 16 "datain";
    .port_info 2 /INPUT 1 "write";
    .port_info 3 /OUTPUT 16 "dataout";
L_0x63af804786b0 .functor BUFZ 16, L_0x63af804ae7c0, C4<0000000000000000>, C4<0000000000000000>, C4<0000000000000000>;
v0x63af8049d1b0_0 .net *"_ivl_0", 15 0, L_0x63af804ae7c0;  1 drivers
v0x63af8049d2b0_0 .net *"_ivl_2", 13 0, L_0x63af804ae860;  1 drivers
L_0x74d303b861c8 .functor BUFT 1, C4<00>, C4<0>, C4<0>, C4<0>;
v0x63af8049d390_0 .net *"_ivl_5", 1 0, L_0x74d303b861c8;  1 drivers
v0x63af8049d480_0 .net "adr", 11 0, v0x63af8049c940_0;  alias, 1 drivers
v0x63af8049d570_0 .net "datain", 15 0, v0x63af8049c9e0_0;  alias, 1 drivers
v0x63af8049d660_0 .net "dataout", 15 0, L_0x63af804786b0;  alias, 1 drivers
v0x63af8049d770 .array "memarray", 4095 0, 15 0;
v0x63af8049d830_0 .net "write", 0 0, v0x63af8049bbd0_0;  alias, 1 drivers
E_0x63af8041bf50 .event anyedge, v0x63af8049bbd0_0, v0x63af80499dc0_0, v0x63af8049c940_0;
L_0x63af804ae7c0 .array/port v0x63af8049d770, L_0x63af804ae860;
L_0x63af804ae860 .concat [ 12 2 0 0], v0x63af8049c940_0, L_0x74d303b861c8;
    .scope S_0x63af80472840;
T_0 ;
    %wait E_0x63af8041bb40;
    %pushi/vec4 0, 0, 16;
    %store/vec4 v0x63af804999c0_0, 0, 16;
    %load/vec4 v0x63af80499b60_0;
    %flag_set/vec4 8;
    %jmp/0xz  T_0.0, 8;
    %load/vec4 v0x63af80499ea0_0;
    %dup/vec4;
    %pushi/vec4 3, 0, 4;
    %cmp/u;
    %jmp/1 T_0.2, 6;
    %dup/vec4;
    %pushi/vec4 4, 0, 4;
    %cmp/u;
    %jmp/1 T_0.3, 6;
    %jmp T_0.5;
T_0.2 ;
    %load/vec4 v0x63af80499760_0;
    %load/vec4 v0x63af80499dc0_0;
    %add;
    %store/vec4 v0x63af804999c0_0, 0, 16;
    %jmp T_0.5;
T_0.3 ;
    %load/vec4 v0x63af80499760_0;
    %load/vec4 v0x63af80499dc0_0;
    %inv;
    %add;
    %addi 1, 0, 16;
    %store/vec4 v0x63af804999c0_0, 0, 16;
    %jmp T_0.5;
T_0.5 ;
    %pop/vec4 1;
T_0.0 ;
    %jmp T_0;
    .thread T_0, $push;
    .scope S_0x63af80472840;
T_1 ;
    %wait E_0x63af804544e0;
    %load/vec4 v0x63af80499f80_0;
    %flag_set/vec4 8;
    %jmp/0xz  T_1.0, 8;
    %pushi/vec4 0, 0, 16;
    %assign/vec4 v0x63af80499760_0, 0;
    %jmp T_1.1;
T_1.0 ;
    %load/vec4 v0x63af80499d00_0;
    %flag_set/vec4 8;
    %jmp/0xz  T_1.2, 8;
    %load/vec4 v0x63af80499dc0_0;
    %assign/vec4 v0x63af80499760_0, 0;
    %jmp T_1.3;
T_1.2 ;
    %load/vec4 v0x63af80499b60_0;
    %flag_set/vec4 8;
    %jmp/0xz  T_1.4, 8;
    %load/vec4 v0x63af804999c0_0;
    %assign/vec4 v0x63af80499760_0, 0;
T_1.4 ;
T_1.3 ;
T_1.1 ;
    %jmp T_1;
    .thread T_1;
    .scope S_0x63af8049a1e0;
T_2 ;
    %wait E_0x63af804544e0;
    %load/vec4 v0x63af8049bd70_0;
    %flag_set/vec4 8;
    %jmp/0xz  T_2.0, 8;
    %pushi/vec4 0, 0, 12;
    %assign/vec4 v0x63af8049bc90_0, 0;
    %jmp T_2.1;
T_2.0 ;
    %load/vec4 v0x63af8049b490_0;
    %flag_set/vec4 8;
    %jmp/0xz  T_2.2, 8;
    %load/vec4 v0x63af8049bc90_0;
    %addi 1, 0, 12;
    %assign/vec4 v0x63af8049bc90_0, 0;
    %jmp T_2.3;
T_2.2 ;
    %load/vec4 v0x63af8049b1a0_0;
    %flag_set/vec4 8;
    %jmp/0xz  T_2.4, 8;
    %load/vec4 v0x63af8049bc90_0;
    %addi 1, 0, 12;
    %assign/vec4 v0x63af8049bc90_0, 0;
    %jmp T_2.5;
T_2.4 ;
    %load/vec4 v0x63af8049b100_0;
    %flag_set/vec4 8;
    %jmp/0xz  T_2.6, 8;
    %load/vec4 v0x63af8049b530_0;
    %parti/s 12, 0, 2;
    %assign/vec4 v0x63af8049bc90_0, 0;
T_2.6 ;
T_2.5 ;
T_2.3 ;
T_2.1 ;
    %jmp T_2;
    .thread T_2;
    .scope S_0x63af8049a1e0;
T_3 ;
    %wait E_0x63af804544e0;
    %load/vec4 v0x63af8049bd70_0;
    %flag_set/vec4 8;
    %jmp/0xz  T_3.0, 8;
    %pushi/vec4 0, 0, 16;
    %assign/vec4 v0x63af8049b530_0, 0;
    %jmp T_3.1;
T_3.0 ;
    %load/vec4 v0x63af8049b830_0;
    %flag_set/vec4 8;
    %jmp/0xz  T_3.2, 8;
    %load/vec4 v0x63af8049bb10_0;
    %assign/vec4 v0x63af8049b530_0, 0;
T_3.2 ;
T_3.1 ;
    %jmp T_3;
    .thread T_3;
    .scope S_0x63af8049a1e0;
T_4 ;
    %wait E_0x63af804544e0;
    %load/vec4 v0x63af8049bd70_0;
    %flag_set/vec4 8;
    %jmp/0xz  T_4.0, 8;
    %pushi/vec4 0, 0, 2;
    %assign/vec4 v0x63af8049b330_0, 0;
    %jmp T_4.1;
T_4.0 ;
    %load/vec4 v0x63af8049b060_0;
    %flag_set/vec4 8;
    %jmp/0xz  T_4.2, 8;
    %load/vec4 v0x63af8049b330_0;
    %assign/vec4 v0x63af8049b330_0, 0;
    %jmp T_4.3;
T_4.2 ;
    %load/vec4 v0x63af8049be10_0;
    %assign/vec4 v0x63af8049b330_0, 0;
T_4.3 ;
T_4.1 ;
    %jmp T_4;
    .thread T_4;
    .scope S_0x63af8049a1e0;
T_5 ;
    %wait E_0x63af8047b5e0;
    %pushi/vec4 0, 0, 2;
    %store/vec4 v0x63af8049be10_0, 0, 2;
    %load/vec4 v0x63af8049b330_0;
    %dup/vec4;
    %pushi/vec4 0, 0, 2;
    %cmp/u;
    %jmp/1 T_5.0, 6;
    %dup/vec4;
    %pushi/vec4 1, 0, 2;
    %cmp/u;
    %jmp/1 T_5.1, 6;
    %dup/vec4;
    %pushi/vec4 2, 0, 2;
    %cmp/u;
    %jmp/1 T_5.2, 6;
    %dup/vec4;
    %pushi/vec4 3, 0, 2;
    %cmp/u;
    %jmp/1 T_5.3, 6;
    %jmp T_5.5;
T_5.0 ;
    %pushi/vec4 1, 0, 2;
    %store/vec4 v0x63af8049be10_0, 0, 2;
    %jmp T_5.5;
T_5.1 ;
    %pushi/vec4 2, 0, 2;
    %store/vec4 v0x63af8049be10_0, 0, 2;
    %jmp T_5.5;
T_5.2 ;
    %pushi/vec4 3, 0, 2;
    %store/vec4 v0x63af8049be10_0, 0, 2;
    %jmp T_5.5;
T_5.3 ;
    %pushi/vec4 0, 0, 2;
    %store/vec4 v0x63af8049be10_0, 0, 2;
    %jmp T_5.5;
T_5.5 ;
    %pop/vec4 1;
    %jmp T_5;
    .thread T_5, $push;
    .scope S_0x63af8049a1e0;
T_6 ;
    %wait E_0x63af8043f1d0;
    %pushi/vec4 0, 0, 1;
    %store/vec4 v0x63af8049bbd0_0, 0, 1;
    %pushi/vec4 0, 0, 1;
    %store/vec4 v0x63af8049b490_0, 0, 1;
    %pushi/vec4 0, 0, 1;
    %store/vec4 v0x63af8049b990_0, 0, 1;
    %pushi/vec4 0, 0, 1;
    %store/vec4 v0x63af8049b830_0, 0, 1;
    %pushi/vec4 0, 0, 1;
    %store/vec4 v0x63af8049b6d0_0, 0, 1;
    %pushi/vec4 0, 0, 1;
    %store/vec4 v0x63af8049b8d0_0, 0, 1;
    %pushi/vec4 0, 0, 1;
    %store/vec4 v0x63af8049b790_0, 0, 1;
    %pushi/vec4 0, 0, 1;
    %store/vec4 v0x63af8049b610_0, 0, 1;
    %pushi/vec4 0, 0, 1;
    %store/vec4 v0x63af8049b060_0, 0, 1;
    %pushi/vec4 0, 0, 1;
    %store/vec4 v0x63af8049b1a0_0, 0, 1;
    %pushi/vec4 0, 0, 1;
    %store/vec4 v0x63af8049b100_0, 0, 1;
    %pushi/vec4 0, 0, 1;
    %store/vec4 v0x63af8049b3f0_0, 0, 1;
    %load/vec4 v0x63af8049b330_0;
    %dup/vec4;
    %pushi/vec4 0, 0, 2;
    %cmp/u;
    %jmp/1 T_6.0, 6;
    %dup/vec4;
    %pushi/vec4 1, 0, 2;
    %cmp/u;
    %jmp/1 T_6.1, 6;
    %dup/vec4;
    %pushi/vec4 2, 0, 2;
    %cmp/u;
    %jmp/1 T_6.2, 6;
    %dup/vec4;
    %pushi/vec4 3, 0, 2;
    %cmp/u;
    %jmp/1 T_6.3, 6;
    %jmp T_6.4;
T_6.0 ;
    %pushi/vec4 1, 0, 1;
    %store/vec4 v0x63af8049b490_0, 0, 1;
    %pushi/vec4 1, 0, 1;
    %store/vec4 v0x63af8049b830_0, 0, 1;
    %jmp T_6.4;
T_6.1 ;
    %load/vec4 v0x63af8049b530_0;
    %parti/s 4, 12, 5;
    %dup/vec4;
    %pushi/vec4 1, 0, 4;
    %cmp/u;
    %jmp/1 T_6.5, 6;
    %dup/vec4;
    %pushi/vec4 2, 0, 4;
    %cmp/u;
    %jmp/1 T_6.6, 6;
    %dup/vec4;
    %pushi/vec4 3, 0, 4;
    %cmp/u;
    %jmp/1 T_6.7, 6;
    %dup/vec4;
    %pushi/vec4 4, 0, 4;
    %cmp/u;
    %jmp/1 T_6.8, 6;
    %dup/vec4;
    %pushi/vec4 7, 0, 4;
    %cmp/u;
    %jmp/1 T_6.9, 6;
    %dup/vec4;
    %pushi/vec4 8, 0, 4;
    %cmp/u;
    %jmp/1 T_6.10, 6;
    %dup/vec4;
    %pushi/vec4 9, 0, 4;
    %cmp/u;
    %jmp/1 T_6.11, 6;
    %jmp T_6.13;
T_6.5 ;
    %pushi/vec4 1, 0, 1;
    %store/vec4 v0x63af8049b6d0_0, 0, 1;
    %jmp T_6.13;
T_6.6 ;
    %pushi/vec4 1, 0, 1;
    %store/vec4 v0x63af8049b6d0_0, 0, 1;
    %pushi/vec4 1, 0, 1;
    %store/vec4 v0x63af8049b610_0, 0, 1;
    %jmp T_6.13;
T_6.7 ;
    %pushi/vec4 1, 0, 1;
    %store/vec4 v0x63af8049b6d0_0, 0, 1;
    %pushi/vec4 1, 0, 1;
    %store/vec4 v0x63af8049b8d0_0, 0, 1;
    %jmp T_6.13;
T_6.8 ;
    %pushi/vec4 1, 0, 1;
    %store/vec4 v0x63af8049b6d0_0, 0, 1;
    %pushi/vec4 1, 0, 1;
    %store/vec4 v0x63af8049b8d0_0, 0, 1;
    %jmp T_6.13;
T_6.9 ;
    %pushi/vec4 1, 0, 1;
    %store/vec4 v0x63af8049b060_0, 0, 1;
    %jmp T_6.13;
T_6.10 ;
    %load/vec4 v0x63af8049b530_0;
    %parti/s 2, 10, 5;
    %cmpi/e 0, 0, 2;
    %flag_mov 8, 4;
    %jmp/0 T_6.14, 8;
    %load/vec4 v0x63af8049af00_0;
    %jmp/1 T_6.15, 8;
T_6.14 ; End of true expr.
    %load/vec4 v0x63af8049b530_0;
    %parti/s 2, 10, 5;
    %cmpi/e 1, 0, 2;
    %flag_mov 9, 4;
    %jmp/0 T_6.16, 9;
    %load/vec4 v0x63af8049afc0_0;
    %jmp/1 T_6.17, 9;
T_6.16 ; End of true expr.
    %pushi/vec4 1, 0, 1;
    %jmp/0 T_6.17, 9;
 ; End of false expr.
    %blend;
T_6.17;
    %jmp/0 T_6.15, 8;
 ; End of false expr.
    %blend;
T_6.15;
    %store/vec4 v0x63af8049b1a0_0, 0, 1;
    %jmp T_6.13;
T_6.11 ;
    %pushi/vec4 1, 0, 1;
    %store/vec4 v0x63af8049b100_0, 0, 1;
    %jmp T_6.13;
T_6.13 ;
    %pop/vec4 1;
    %jmp T_6.4;
T_6.2 ;
    %load/vec4 v0x63af8049b530_0;
    %parti/s 4, 12, 5;
    %dup/vec4;
    %pushi/vec4 1, 0, 4;
    %cmp/u;
    %jmp/1 T_6.18, 6;
    %dup/vec4;
    %pushi/vec4 3, 0, 4;
    %cmp/u;
    %jmp/1 T_6.19, 6;
    %dup/vec4;
    %pushi/vec4 4, 0, 4;
    %cmp/u;
    %jmp/1 T_6.20, 6;
    %dup/vec4;
    %pushi/vec4 2, 0, 4;
    %cmp/u;
    %jmp/1 T_6.21, 6;
    %jmp T_6.23;
T_6.18 ;
    %pushi/vec4 1, 0, 1;
    %store/vec4 v0x63af8049b8d0_0, 0, 1;
    %jmp T_6.23;
T_6.19 ;
    %pushi/vec4 1, 0, 1;
    %store/vec4 v0x63af8049b8d0_0, 0, 1;
    %jmp T_6.23;
T_6.20 ;
    %pushi/vec4 1, 0, 1;
    %store/vec4 v0x63af8049b8d0_0, 0, 1;
    %jmp T_6.23;
T_6.21 ;
    %pushi/vec4 1, 0, 1;
    %store/vec4 v0x63af8049bbd0_0, 0, 1;
    %jmp T_6.23;
T_6.23 ;
    %pop/vec4 1;
    %jmp T_6.4;
T_6.3 ;
    %pushi/vec4 1, 0, 1;
    %store/vec4 v0x63af8049b990_0, 0, 1;
    %load/vec4 v0x63af8049b530_0;
    %parti/s 4, 12, 5;
    %dup/vec4;
    %pushi/vec4 1, 0, 4;
    %cmp/u;
    %jmp/1 T_6.24, 6;
    %dup/vec4;
    %pushi/vec4 3, 0, 4;
    %cmp/u;
    %jmp/1 T_6.25, 6;
    %dup/vec4;
    %pushi/vec4 4, 0, 4;
    %cmp/u;
    %jmp/1 T_6.26, 6;
    %jmp T_6.28;
T_6.24 ;
    %pushi/vec4 1, 0, 1;
    %store/vec4 v0x63af8049b790_0, 0, 1;
    %jmp T_6.28;
T_6.25 ;
    %pushi/vec4 1, 0, 1;
    %store/vec4 v0x63af8049b3f0_0, 0, 1;
    %jmp T_6.28;
T_6.26 ;
    %pushi/vec4 1, 0, 1;
    %store/vec4 v0x63af8049b3f0_0, 0, 1;
    %jmp T_6.28;
T_6.28 ;
    %pop/vec4 1;
    %jmp T_6.4;
T_6.4 ;
    %pop/vec4 1;
    %jmp T_6;
    .thread T_6, $push;
    .scope S_0x63af80469440;
T_7 ;
    %wait E_0x63af804544e0;
    %load/vec4 v0x63af8049cd10_0;
    %flag_set/vec4 8;
    %jmp/0xz  T_7.0, 8;
    %pushi/vec4 0, 0, 12;
    %assign/vec4 v0x63af8049c940_0, 0;
    %jmp T_7.1;
T_7.0 ;
    %pushi/vec4 1, 0, 1;
    %dup/vec4;
    %load/vec4 v0x63af8049c8a0_0;
    %cmp/u;
    %jmp/1 T_7.2, 6;
    %dup/vec4;
    %load/vec4 v0x63af8049c6c0_0;
    %cmp/u;
    %jmp/1 T_7.3, 6;
    %jmp T_7.5;
T_7.2 ;
    %load/vec4 v0x63af8049cc40_0;
    %assign/vec4 v0x63af8049c940_0, 0;
    %jmp T_7.5;
T_7.3 ;
    %load/vec4 v0x63af8049c580_0;
    %parti/s 12, 0, 2;
    %assign/vec4 v0x63af8049c940_0, 0;
    %jmp T_7.5;
T_7.5 ;
    %pop/vec4 1;
T_7.1 ;
    %jmp T_7;
    .thread T_7;
    .scope S_0x63af80469440;
T_8 ;
    %wait E_0x63af804544e0;
    %load/vec4 v0x63af8049cd10_0;
    %flag_set/vec4 8;
    %jmp/0xz  T_8.0, 8;
    %pushi/vec4 0, 0, 16;
    %assign/vec4 v0x63af8049c9e0_0, 0;
    %jmp T_8.1;
T_8.0 ;
    %pushi/vec4 1, 0, 1;
    %dup/vec4;
    %load/vec4 v0x63af8049c620_0;
    %cmp/u;
    %jmp/1 T_8.2, 6;
    %dup/vec4;
    %load/vec4 v0x63af8049c800_0;
    %cmp/u;
    %jmp/1 T_8.3, 6;
    %jmp T_8.5;
T_8.2 ;
    %load/vec4 v0x63af8049c0b0_0;
    %assign/vec4 v0x63af8049c9e0_0, 0;
    %jmp T_8.5;
T_8.3 ;
    %load/vec4 v0x63af8049cad0_0;
    %assign/vec4 v0x63af8049c9e0_0, 0;
    %jmp T_8.5;
T_8.5 ;
    %pop/vec4 1;
T_8.1 ;
    %jmp T_8;
    .thread T_8;
    .scope S_0x63af8049cf90;
T_9 ;
    %wait E_0x63af8041bf50;
    %load/vec4 v0x63af8049d830_0;
    %flag_set/vec4 8;
    %jmp/0xz  T_9.0, 8;
    %load/vec4 v0x63af8049d570_0;
    %load/vec4 v0x63af8049d480_0;
    %pad/u 14;
    %ix/vec4 4;
    %store/vec4a v0x63af8049d770, 4, 0;
T_9.0 ;
    %jmp T_9;
    .thread T_9, $push;
    .scope S_0x63af804692b0;
T_10 ;
    %pushi/vec4 0, 0, 1;
    %store/vec4 v0x63af8049d9a0_0, 0, 1;
    %end;
    .thread T_10;
    .scope S_0x63af804692b0;
T_11 ;
    %wait E_0x63af804544e0;
    %load/vec4 v0x63af8049ded0_0;
    %assign/vec4 v0x63af8049de10_0, 0;
    %load/vec4 v0x63af8049de10_0;
    %assign/vec4 v0x63af8049dd70_0, 0;
    %jmp T_11;
    .thread T_11;
    .scope S_0x63af804692b0;
T_12 ;
    %delay 50, 0;
    %load/vec4 v0x63af8049d9a0_0;
    %inv;
    %store/vec4 v0x63af8049d9a0_0, 0, 1;
    %jmp T_12;
    .thread T_12;
    .scope S_0x63af804692b0;
T_13 ;
    %vpi_call 2 34 "$dumpvars" {0 0 0};
    %end;
    .thread T_13;
    .scope S_0x63af804692b0;
T_14 ;
    %vpi_call 2 37 "$readmemh", "test.hex", v0x63af8049d770 {0 0 0};
    %end;
    .thread T_14;
    .scope S_0x63af804692b0;
T_15 ;
    %pushi/vec4 1, 0, 1;
    %store/vec4 v0x63af8049ded0_0, 0, 1;
    %delay 10000, 0;
    %pushi/vec4 0, 0, 1;
    %store/vec4 v0x63af8049ded0_0, 0, 1;
T_15.0 ;
    %load/vec4 v0x63af8049b060_0;
    %cmpi/ne 1, 0, 1;
    %jmp/0xz T_15.1, 6;
    %wait E_0x63af80454790;
    %jmp T_15.0;
T_15.1 ;
    %delay 1000000, 0;
    %vpi_call 2 48 "$display", "memarray[40] = %d\012", &A<v0x63af8049d770, 40> {0 0 0};
    %vpi_call 2 49 "$display", "simulation done" {0 0 0};
    %vpi_call 2 50 "$finish" {0 0 0};
    %end;
    .thread T_15;
# The file index is used to find the file name in the following table.
:file_names 7;
    "N/A";
    "<interactive>";
    "cpu_tb.v";
    "cpu.v";
    "alu.v";
    "ctrl.v";
    "mem.v";
